\BOOKMARK [1][-]{section.1}{\376\377\004\022\004\062\004\065\004\064\004\065\004\075\004\070\004\065}{}% 1
\BOOKMARK [2][-]{subsection.1.1}{\376\377\004\030\004\101\004\077\004\076\004\073\004\114\004\067\004\103\004\065\004\074\004\113\004\065\000\040\004\102\004\065\004\105\004\075\004\076\004\073\004\076\004\063\004\070\004\070}{section.1}% 2
\BOOKMARK [2][-]{subsection.1.2}{\376\377\004\036\004\077\004\070\004\101\004\060\004\075\004\070\004\065\000\040\004\104\004\100\004\065\004\071\004\074\004\062\004\076\004\100\004\072\004\060\000\040\000Q\000t}{section.1}% 3
\BOOKMARK [3][-]{subsubsection.1.2.1}{\376\377\004\034\004\065\004\105\004\060\004\075\004\070\004\067\004\074\000\040\004\101\004\070\004\063\004\075\004\060\004\073\004\076\004\062\000\040\004\070\000\040\004\101\004\073\004\076\004\102\004\076\004\062}{subsection.1.2}% 4
\BOOKMARK [3][-]{subsubsection.1.2.2}{\376\377\004\022\004\070\004\064\004\066\004\065\004\102\004\113\000\040\004\070\000\040\004\072\004\076\004\074\004\077\004\076\004\075\004\065\004\075\004\102\004\113\000\040\004\070\004\075\004\102\004\065\004\100\004\104\004\065\004\071\004\101\004\060}{subsection.1.2}% 5
\BOOKMARK [3][-]{subsubsection.1.2.3}{\376\377\004\040\004\060\004\061\004\076\004\102\004\060\000\040\004\101\000\040\004\064\004\060\004\075\004\075\004\113\004\074\004\070}{subsection.1.2}% 6
\BOOKMARK [2][-]{subsection.1.3}{\376\377\004\037\004\100\004\065\004\064\004\074\004\065\004\102\004\075\004\060\004\117\000\040\004\076\004\061\004\073\004\060\004\101\004\102\004\114\000\040\000-\000\040\004\102\004\065\004\073\004\065\004\104\004\076\004\075\004\075\004\113\004\071\000\040\004\101\004\077\004\100\004\060\004\062\004\076\004\107\004\075\004\070\004\072}{section.1}% 7
\BOOKMARK [1][-]{section.2}{\376\377\004\037\004\076\004\101\004\102\004\060\004\075\004\076\004\062\004\072\004\060\000\040\004\067\004\060\004\064\004\060\004\107\004\070}{}% 8
\BOOKMARK [2][-]{subsection.2.1}{\376\377\004\044\004\076\004\100\004\074\004\060\004\073\004\070\004\067\004\076\004\062\004\060\004\075\004\075\004\076\004\065\000\040\004\067\004\060\004\064\004\060\004\075\004\070\004\065}{section.2}% 9
\BOOKMARK [3][-]{subsubsection.2.1.1}{\376\377\004\042\004\100\004\065\004\061\004\076\004\062\004\060\004\075\004\070\004\117\000\040\004\072\000\040\004\104\004\103\004\075\004\072\004\106\004\070\004\076\004\075\004\060\004\073\004\114\004\075\004\076\004\101\004\102\004\070}{subsection.2.1}% 10
\BOOKMARK [2][-]{subsection.2.2}{\376\377\004\042\004\065\004\105\004\075\004\070\004\107\004\065\004\101\004\072\004\070\004\065\000\040\004\102\004\100\004\065\004\061\004\076\004\062\004\060\004\075\004\070\004\117}{section.2}% 11
\BOOKMARK [3][-]{subsubsection.2.2.1}{\376\377\004\044\004\076\004\100\004\074\004\060\004\102\000\040\004\105\004\100\004\060\004\075\004\065\004\075\004\070\004\117\000\040\004\064\004\060\004\075\004\075\004\113\004\105}{subsection.2.2}% 12
\BOOKMARK [3][-]{subsubsection.2.2.2}{\376\377\004\040\004\065\004\063\004\103\004\073\004\117\004\100\004\075\004\113\004\065\000\040\004\062\004\113\004\100\004\060\004\066\004\065\004\075\004\070\004\117\000\040\004\064\004\073\004\117\000\040\004\062\004\060\004\073\004\070\004\064\004\060\004\106\004\070\004\070}{subsection.2.2}% 13
\BOOKMARK [2][-]{subsection.2.3}{\376\377\004\024\004\076\004\077\004\076\004\073\004\075\004\070\004\102\004\065\004\073\004\114\004\075\004\113\004\065\000\040\004\102\004\100\004\065\004\061\004\076\004\062\004\060\004\075\004\070\004\117}{section.2}% 14
\BOOKMARK [3][-]{subsubsection.2.3.1}{\376\377\004\044\004\103\004\075\004\072\004\106\004\070\004\070\000\040\004\064\004\073\004\117\000\040\004\076\004\061\004\117\004\067\004\060\004\102\004\065\004\073\004\114\004\075\004\076\004\071\000\040\004\100\004\065\004\060\004\073\004\070\004\067\004\060\004\106\004\070\004\070}{subsection.2.3}% 15
\BOOKMARK [2][-]{subsection.2.4}{\376\377\004\036\004\066\004\070\004\064\004\060\004\065\004\074\004\113\004\065\000\040\004\100\004\065\004\067\004\103\004\073\004\114\004\102\004\060\004\102\004\113}{section.2}% 16
\BOOKMARK [1][-]{section.3}{\376\377\004\040\004\065\004\060\004\073\004\070\004\067\004\060\004\106\004\070\004\117}{}% 17
\BOOKMARK [2][-]{subsection.3.1}{\376\377\004\020\004\100\004\105\004\070\004\102\004\065\004\072\004\102\004\103\004\100\004\060\000\040\004\077\004\100\004\070\004\073\004\076\004\066\004\065\004\075\004\070\004\117}{section.3}% 18
\BOOKMARK [2][-]{subsection.3.2}{\376\377\004\036\004\077\004\070\004\101\004\060\004\075\004\070\004\065\000\040\004\072\004\073\004\060\004\101\004\101\004\076\004\062}{section.3}% 19
\BOOKMARK [3][-]{subsubsection.3.2.1}{\376\377\004\041\004\102\004\100\004\103\004\072\004\102\004\103\004\100\004\060\000\040\000C\000o\000n\000t\000a\000c\000t}{subsection.3.2}% 20
\BOOKMARK [3][-]{subsubsection.3.2.2}{\376\377\004\032\004\073\004\060\004\101\004\101\000\040\000C\000o\000n\000t\000a\000c\000t\000V\000a\000l\000i\000d\000a\000t\000o\000r}{subsection.3.2}% 21
\BOOKMARK [3][-]{subsubsection.3.2.3}{\376\377\004\032\004\073\004\060\004\101\004\101\000\040\000C\000o\000n\000t\000a\000c\000t\000S\000t\000o\000r\000a\000g\000e}{subsection.3.2}% 22
\BOOKMARK [3][-]{subsubsection.3.2.4}{\376\377\004\032\004\073\004\060\004\101\004\101\000\040\000M\000a\000i\000n\000W\000i\000n\000d\000o\000w}{subsection.3.2}% 23
\BOOKMARK [2][-]{subsection.3.3}{\376\377\004\032\004\073\004\116\004\107\004\065\004\062\004\113\004\065\000\040\004\060\004\073\004\063\004\076\004\100\004\070\004\102\004\074\004\113}{section.3}% 24
\BOOKMARK [3][-]{subsubsection.3.3.1}{\376\377\004\020\004\073\004\063\004\076\004\100\004\070\004\102\004\074\000\040\004\064\004\076\004\061\004\060\004\062\004\073\004\065\004\075\004\070\004\117\000\040\004\072\004\076\004\075\004\102\004\060\004\072\004\102\004\060}{subsection.3.3}% 25
\BOOKMARK [3][-]{subsubsection.3.3.2}{\376\377\004\020\004\073\004\063\004\076\004\100\004\070\004\102\004\074\000\040\004\077\004\076\004\070\004\101\004\072\004\060\000\040\004\072\004\076\004\075\004\102\004\060\004\072\004\102\004\076\004\062}{subsection.3.3}% 26
\BOOKMARK [3][-]{subsubsection.3.3.3}{\376\377\004\034\004\065\004\105\004\060\004\075\004\070\004\067\004\074\000\040\004\076\004\102\004\074\004\065\004\075\004\113\000\040\004\064\004\065\004\071\004\101\004\102\004\062\004\070\004\071}{subsection.3.3}% 27
\BOOKMARK [3][-]{subsubsection.3.3.4}{\376\377\004\037\004\100\004\076\004\062\004\065\004\100\004\072\004\060\000\040\004\075\004\060\000\040\004\064\004\103\004\061\004\073\004\070\004\072\004\060\004\102\004\113}{subsection.3.3}% 28
\BOOKMARK [2][-]{subsection.3.4}{\376\377\004\041\004\076\004\100\004\102\004\070\004\100\004\076\004\062\004\072\004\060\000\040\004\064\004\060\004\075\004\075\004\113\004\105}{section.3}% 29
\BOOKMARK [1][-]{section.4}{\376\377\004\042\004\065\004\101\004\102\004\070\004\100\004\076\004\062\004\060\004\075\004\070\004\065\000\040\004\077\004\100\004\070\004\073\004\076\004\066\004\065\004\075\004\070\004\117}{}% 30
\BOOKMARK [2][-]{subsection.4.1}{\376\377\004\035\004\060\004\107\004\060\004\073\004\114\004\075\004\076\004\065\000\040\004\101\004\076\004\101\004\102\004\076\004\117\004\075\004\070\004\065\000\040\004\077\004\100\004\070\004\073\004\076\004\066\004\065\004\075\004\070\004\117}{section.4}% 31
\BOOKMARK [2][-]{subsection.4.2}{\376\377\004\041\004\106\004\065\004\075\004\060\004\100\004\070\004\071\000\040\0001\000:\000\040\004\024\004\076\004\061\004\060\004\062\004\073\004\065\004\075\004\070\004\065\000\040\004\075\004\076\004\062\004\076\004\063\004\076\000\040\004\072\004\076\004\075\004\102\004\060\004\072\004\102\004\060}{section.4}% 32
\BOOKMARK [3][-]{subsubsection.4.2.1}{\376\377\004\050\004\060\004\063\000\040\0001\000:\000\040\004\027\004\060\004\077\004\076\004\073\004\075\004\065\004\075\004\070\004\065\000\040\004\104\004\076\004\100\004\074\004\113}{subsection.4.2}% 33
\BOOKMARK [3][-]{subsubsection.4.2.2}{\376\377\004\050\004\060\004\063\000\040\0002\000:\000\040\004\035\004\076\004\100\004\074\004\060\004\073\004\070\004\067\004\060\004\106\004\070\004\117\000\040\004\064\004\060\004\075\004\075\004\113\004\105}{subsection.4.2}% 34
\BOOKMARK [3][-]{subsubsection.4.2.3}{\376\377\004\050\004\060\004\063\000\040\0003\000:\000\040\004\043\004\101\004\077\004\065\004\110\004\075\004\076\004\065\000\040\004\064\004\076\004\061\004\060\004\062\004\073\004\065\004\075\004\070\004\065}{subsection.4.2}% 35
\BOOKMARK [2][-]{subsection.4.3}{\376\377\004\041\004\106\004\065\004\075\004\060\004\100\004\070\004\071\000\040\0002\000:\000\040\004\022\004\060\004\073\004\070\004\064\004\060\004\106\004\070\004\117\000\040\004\075\004\065\004\072\004\076\004\100\004\100\004\065\004\072\004\102\004\075\004\113\004\105\000\040\004\064\004\060\004\075\004\075\004\113\004\105}{section.4}% 36
\BOOKMARK [3][-]{subsubsection.4.3.1}{\376\377\004\037\004\100\004\070\004\074\004\065\004\100\000\040\0001\000:\000\040\004\035\004\065\004\072\004\076\004\100\004\100\004\065\004\072\004\102\004\075\004\076\004\065\000\040\004\070\004\074\004\117}{subsection.4.3}% 37
\BOOKMARK [3][-]{subsubsection.4.3.2}{\376\377\004\037\004\100\004\070\004\074\004\065\004\100\000\040\0002\000:\000\040\004\035\004\065\004\072\004\076\004\100\004\100\004\065\004\072\004\102\004\075\004\113\004\071\000\040\004\102\004\065\004\073\004\065\004\104\004\076\004\075}{subsection.4.3}% 38
\BOOKMARK [3][-]{subsubsection.4.3.3}{\376\377\004\037\004\100\004\070\004\074\004\065\004\100\000\040\0003\000:\000\040\004\035\004\065\004\072\004\076\004\100\004\100\004\065\004\072\004\102\004\075\004\113\004\071\000\040\000e\000m\000a\000i\000l}{subsection.4.3}% 39
\BOOKMARK [2][-]{subsection.4.4}{\376\377\004\041\004\106\004\065\004\075\004\060\004\100\004\070\004\071\000\040\0003\000:\000\040\004\040\004\065\004\064\004\060\004\072\004\102\004\070\004\100\004\076\004\062\004\060\004\075\004\070\004\065\000\040\004\101\004\103\004\111\004\065\004\101\004\102\004\062\004\103\004\116\004\111\004\065\004\063\004\076\000\040\004\072\004\076\004\075\004\102\004\060\004\072\004\102\004\060}{section.4}% 40
\BOOKMARK [3][-]{subsubsection.4.4.1}{\376\377\004\050\004\060\004\063\000\040\0001\000:\000\040\004\022\004\113\004\061\004\076\004\100\000\040\004\072\004\076\004\075\004\102\004\060\004\072\004\102\004\060}{subsection.4.4}% 41
\BOOKMARK [3][-]{subsubsection.4.4.2}{\376\377\004\050\004\060\004\063\000\040\0002\000:\000\040\004\037\004\065\004\100\004\065\004\105\004\076\004\064\000\040\004\062\000\040\004\100\004\065\004\066\004\070\004\074\000\040\004\100\004\065\004\064\004\060\004\072\004\102\004\070\004\100\004\076\004\062\004\060\004\075\004\070\004\117}{subsection.4.4}% 42
\BOOKMARK [3][-]{subsubsection.4.4.3}{\376\377\004\050\004\060\004\063\000\040\0003\000:\000\040\004\030\004\067\004\074\004\065\004\075\004\065\004\075\004\070\004\065\000\040\004\064\004\060\004\075\004\075\004\113\004\105\000\040\004\070\000\040\004\101\004\076\004\105\004\100\004\060\004\075\004\065\004\075\004\070\004\065}{subsection.4.4}% 43
\BOOKMARK [3][-]{subsubsection.4.4.4}{\376\377\004\050\004\060\004\063\000\040\0004\000:\000\040\004\036\004\102\004\074\004\065\004\075\004\060\000\040\004\100\004\065\004\064\004\060\004\072\004\102\004\070\004\100\004\076\004\062\004\060\004\075\004\070\004\117}{subsection.4.4}% 44
\BOOKMARK [2][-]{subsection.4.5}{\376\377\004\041\004\106\004\065\004\075\004\060\004\100\004\070\004\071\000\040\0004\000:\000\040\004\043\004\064\004\060\004\073\004\065\004\075\004\070\004\065\000\040\004\072\004\076\004\075\004\102\004\060\004\072\004\102\004\060}{section.4}% 45
\BOOKMARK [3][-]{subsubsection.4.5.1}{\376\377\004\050\004\060\004\063\000\040\0001\000:\000\040\004\022\004\113\004\061\004\076\004\100\000\040\004\072\004\076\004\075\004\102\004\060\004\072\004\102\004\060\000\040\004\064\004\073\004\117\000\040\004\103\004\064\004\060\004\073\004\065\004\075\004\070\004\117}{subsection.4.5}% 46
\BOOKMARK [3][-]{subsubsection.4.5.2}{\376\377\004\050\004\060\004\063\000\040\0002\000:\000\040\004\037\004\076\004\064\004\102\004\062\004\065\004\100\004\066\004\064\004\065\004\075\004\070\004\065\000\040\004\103\004\064\004\060\004\073\004\065\004\075\004\070\004\117}{subsection.4.5}% 47
\BOOKMARK [3][-]{subsubsection.4.5.3}{\376\377\004\050\004\060\004\063\000\040\0003\000:\000\040\004\043\004\064\004\060\004\073\004\065\004\075\004\070\004\065\000\040\004\070\000\040\004\101\004\076\004\105\004\100\004\060\004\075\004\065\004\075\004\070\004\065}{subsection.4.5}% 48
\BOOKMARK [2][-]{subsection.4.6}{\376\377\004\041\004\106\004\065\004\075\004\060\004\100\004\070\004\071\000\040\0005\000:\000\040\004\037\004\076\004\070\004\101\004\072\000\040\004\072\004\076\004\075\004\102\004\060\004\072\004\102\004\076\004\062}{section.4}% 49
\BOOKMARK [3][-]{subsubsection.4.6.1}{\376\377\004\037\004\076\004\070\004\101\004\072\000\040\004\077\004\076\000\040\004\102\004\065\004\072\004\101\004\102\004\076\004\062\004\113\004\074\000\040\004\077\004\076\004\073\004\117\004\074}{subsection.4.6}% 50
\BOOKMARK [3][-]{subsubsection.4.6.2}{\376\377\004\037\004\076\004\070\004\101\004\072\000\040\004\077\004\076\000\040\004\064\004\060\004\102\004\065\000\040\004\100\004\076\004\066\004\064\004\065\004\075\004\070\004\117}{subsection.4.6}% 51
\BOOKMARK [3][-]{subsubsection.4.6.3}{\376\377\004\041\004\061\004\100\004\076\004\101\000\040\004\077\004\076\004\070\004\101\004\072\004\060}{subsection.4.6}% 52
\BOOKMARK [2][-]{subsection.4.7}{\376\377\004\041\004\106\004\065\004\075\004\060\004\100\004\070\004\071\000\040\0006\000:\000\040\004\036\004\102\004\074\004\065\004\075\004\060\000\040\004\077\004\076\004\101\004\073\004\065\004\064\004\075\004\065\004\063\004\076\000\040\004\064\004\065\004\071\004\101\004\102\004\062\004\070\004\117}{section.4}% 53
\BOOKMARK [3][-]{subsubsection.4.7.1}{\376\377\004\036\004\102\004\074\004\065\004\075\004\060\000\040\004\064\004\076\004\061\004\060\004\062\004\073\004\065\004\075\004\070\004\117}{subsection.4.7}% 54
\BOOKMARK [3][-]{subsubsection.4.7.2}{\376\377\004\036\004\102\004\074\004\065\004\075\004\060\000\040\004\100\004\065\004\064\004\060\004\072\004\102\004\070\004\100\004\076\004\062\004\060\004\075\004\070\004\117}{subsection.4.7}% 55
\BOOKMARK [3][-]{subsubsection.4.7.3}{\376\377\004\036\004\102\004\074\004\065\004\075\004\060\000\040\004\103\004\064\004\060\004\073\004\065\004\075\004\070\004\117}{subsection.4.7}% 56
\BOOKMARK [3][-]{subsubsection.4.7.4}{\376\377\004\037\004\076\004\077\004\113\004\102\004\072\004\060\000\040\004\076\004\102\004\074\004\065\004\075\004\113\000\040\004\077\004\100\004\070\000\040\004\077\004\103\004\101\004\102\004\076\004\074\000\040\004\101\004\102\004\065\004\072\004\065}{subsection.4.7}% 57
\BOOKMARK [2][-]{subsection.4.8}{\376\377\004\041\004\106\004\065\004\075\004\060\004\100\004\070\004\071\000\040\0007\000:\000\040\004\037\004\100\004\076\004\062\004\065\004\100\004\072\004\060\000\040\004\075\004\060\000\040\004\064\004\103\004\061\004\073\004\070\004\072\004\060\004\102\004\113}{section.4}% 58
\BOOKMARK [3][-]{subsubsection.4.8.1}{\376\377\004\036\004\061\004\075\004\060\004\100\004\103\004\066\004\065\004\075\004\070\004\065\000\040\004\064\004\103\004\061\004\073\004\070\004\072\004\060\004\102\004\060}{subsection.4.8}% 59
\BOOKMARK [2][-]{subsection.4.9}{\376\377\004\041\004\106\004\065\004\075\004\060\004\100\004\070\004\071\000\040\0008\000:\000\040\004\041\004\076\004\105\004\100\004\060\004\075\004\065\004\075\004\070\004\065\000\040\004\070\000\040\004\067\004\060\004\063\004\100\004\103\004\067\004\072\004\060\000\040\004\064\004\060\004\075\004\075\004\113\004\105}{section.4}% 60
\BOOKMARK [3][-]{subsubsection.4.9.1}{\376\377\004\020\004\062\004\102\004\076\004\074\004\060\004\102\004\070\004\107\004\065\004\101\004\072\004\076\004\065\000\040\004\101\004\076\004\105\004\100\004\060\004\075\004\065\004\075\004\070\004\065}{subsection.4.9}% 61
\BOOKMARK [3][-]{subsubsection.4.9.2}{\376\377\004\027\004\060\004\063\004\100\004\103\004\067\004\072\004\060\000\040\004\077\004\100\004\070\000\040\004\067\004\060\004\077\004\103\004\101\004\072\004\065}{subsection.4.9}% 62
\BOOKMARK [3][-]{subsubsection.4.9.3}{\376\377\004\040\004\103\004\107\004\075\004\076\004\065\000\040\004\101\004\076\004\105\004\100\004\060\004\075\004\065\004\075\004\070\004\065\000\040\004\070\000\040\004\067\004\060\004\063\004\100\004\103\004\067\004\072\004\060}{subsection.4.9}% 63
\BOOKMARK [2][-]{subsection.4.10}{\376\377\004\030\004\102\004\076\004\063\004\070\000\040\004\102\004\065\004\101\004\102\004\070\004\100\004\076\004\062\004\060\004\075\004\070\004\117}{section.4}% 64
